CRITICAL - 2023-11-18 03:54:51 --> The framework needs the following extension(s) installed and loaded: intl.
in SYSTEMPATH\CodeIgniter.php on line 252.
 1 SYSTEMPATH\CodeIgniter.php(252): CodeIgniter\Exceptions\FrameworkException::forMissingExtension('intl')
 2 SYSTEMPATH\CodeIgniter.php(214): CodeIgniter\CodeIgniter->resolvePlatformExtensions()
 3 ROOTPATH\spark(88): CodeIgniter\CodeIgniter->initialize()
CRITICAL - 2023-11-18 03:54:55 --> Uncaught Error: Class "Locale" not found in C:\Users\ploco\Desktop\API_FICPlus\system\I18n\TimeTrait.php:74
Stack trace:
#0 C:\Users\ploco\Desktop\API_FICPlus\system\I18n\TimeTrait.php(115): CodeIgniter\I18n\Time->__construct(NULL, NULL, NULL)
#1 C:\Users\ploco\Desktop\API_FICPlus\system\HTTP\ResponseTrait.php(468): CodeIgniter\I18n\Time::now()
#2 C:\Users\ploco\Desktop\API_FICPlus\system\HTTP\ResponseTrait.php(446): CodeIgniter\HTTP\Response->sendHeaders()
#3 C:\Users\ploco\Desktop\API_FICPlus\system\Debug\ExceptionHandler.php(81): CodeIgniter\HTTP\Response->send()
#4 C:\Users\ploco\Desktop\API_FICPlus\system\Debug\Exceptions.php(149): CodeIgniter\Debug\ExceptionHandler->handle(Object(CodeIgniter\Exceptions\FrameworkException), Object(CodeIgniter\HTTP\IncomingRequest), Object(CodeIgniter\HTTP\Response), 500, 1)
#5 [internal function]: CodeIgniter\Debug\Exceptions->exceptionHandler(Object(CodeIgniter\Exceptions\FrameworkException))
#6 {main}
  thrown
【Previous Exception】
CodeIgniter\Exceptions\FrameworkException
The framework needs the following extension(s) installed and loaded: intl.
#0 C:\Users\ploco\Desktop\API_FICPlus\system\CodeIgniter.php(252): CodeIgniter\Exceptions\FrameworkException::forMissingExtension('intl')
#1 C:\Users\ploco\Desktop\API_FICPlus\system\CodeIgniter.php(214): CodeIgniter\CodeIgniter->resolvePlatformExtensions()
#2 C:\Users\ploco\Desktop\API_FICPlus\spark(88): CodeIgniter\CodeIgniter->initialize()
#3 {main}
in SYSTEMPATH\I18n\TimeTrait.php on line 74.
 1 [internal function]: CodeIgniter\Debug\Exceptions->shutdownHandler()
CRITICAL - 2023-11-18 03:26:46 --> preg_match(): Allocation of JIT memory failed, PCRE JIT will be disabled. This is likely caused by security restrictions. Either grant PHP permission to allocate executable memory, or set pcre.jit=0
in SYSTEMPATH\Router\Router.php on line 424.
 1 [internal function]: CodeIgniter\Debug\Exceptions->errorHandler(2, 'preg_match(): Allocation of JIT memory failed, PCRE JIT will be disabled. This is likely caused by security restrictions. Either grant PHP permission to allocate executable memory, or set pcre.jit=0', 'C:\\Users\\ploco\\Desktop\\API_FICPlus\\system\\Router\\Router.php', 424)
 2 SYSTEMPATH\Router\Router.php(424): preg_match('#^App\\Controllers$#u', '/', [])
 3 SYSTEMPATH\Router\Router.php(186): CodeIgniter\Router\Router->checkRoutes('/')
 4 SYSTEMPATH\CodeIgniter.php(823): CodeIgniter\Router\Router->handle('/')
 5 SYSTEMPATH\CodeIgniter.php(450): CodeIgniter\CodeIgniter->tryToRouteIt(Object(CodeIgniter\Router\RouteCollection))
 6 SYSTEMPATH\CodeIgniter.php(361): CodeIgniter\CodeIgniter->handleRequest(null, Object(Config\Cache), false)
 7 FCPATH\index.php(79): CodeIgniter\CodeIgniter->run()
 8 SYSTEMPATH\Commands\Server\rewrite.php(47): require_once('C:\\Users\\ploco\\Desktop\\API_FICPlus\\public\\index.php')
CRITICAL - 2023-11-18 03:58:51 --> preg_match(): Allocation of JIT memory failed, PCRE JIT will be disabled. This is likely caused by security restrictions. Either grant PHP permission to allocate executable memory, or set pcre.jit=0
in SYSTEMPATH\Router\Router.php on line 424.
 1 [internal function]: CodeIgniter\Debug\Exceptions->errorHandler(2, 'preg_match(): Allocation of JIT memory failed, PCRE JIT will be disabled. This is likely caused by security restrictions. Either grant PHP permission to allocate executable memory, or set pcre.jit=0', 'C:\\Users\\ploco\\Desktop\\API_FICPlus\\system\\Router\\Router.php', 424)
 2 SYSTEMPATH\Router\Router.php(424): preg_match('#^app\\Controllers$#u', '/', [])
 3 SYSTEMPATH\Router\Router.php(186): CodeIgniter\Router\Router->checkRoutes('/')
 4 SYSTEMPATH\CodeIgniter.php(823): CodeIgniter\Router\Router->handle('/')
 5 SYSTEMPATH\CodeIgniter.php(450): CodeIgniter\CodeIgniter->tryToRouteIt(Object(CodeIgniter\Router\RouteCollection))
 6 SYSTEMPATH\CodeIgniter.php(361): CodeIgniter\CodeIgniter->handleRequest(null, Object(Config\Cache), false)
 7 FCPATH\index.php(79): CodeIgniter\CodeIgniter->run()
 8 SYSTEMPATH\Commands\Server\rewrite.php(47): require_once('C:\\Users\\ploco\\Desktop\\API_FICPlus\\public\\index.php')
CRITICAL - 2023-11-18 22:10:36 --> explode(): Argument #2 ($string) must be of type string, array given
in SYSTEMPATH\Router\Router.php on line 475.
 1 SYSTEMPATH\Router\Router.php(475): explode('::', [...])
 2 SYSTEMPATH\Router\Router.php(186): CodeIgniter\Router\Router->checkRoutes('peliculas')
 3 SYSTEMPATH\CodeIgniter.php(823): CodeIgniter\Router\Router->handle('peliculas')
 4 SYSTEMPATH\CodeIgniter.php(450): CodeIgniter\CodeIgniter->tryToRouteIt(Object(CodeIgniter\Router\RouteCollection))
 5 SYSTEMPATH\CodeIgniter.php(361): CodeIgniter\CodeIgniter->handleRequest(null, Object(Config\Cache), false)
 6 FCPATH\index.php(79): CodeIgniter\CodeIgniter->run()
 7 SYSTEMPATH\Commands\Server\rewrite.php(47): require_once('C:\\Users\\ploco\\Desktop\\API_FICPlus\\public\\index.php')
CRITICAL - 2023-11-18 22:15:06 --> explode(): Argument #2 ($string) must be of type string, array given
in SYSTEMPATH\Router\Router.php on line 475.
 1 SYSTEMPATH\Router\Router.php(475): explode('::', [...])
 2 SYSTEMPATH\Router\Router.php(186): CodeIgniter\Router\Router->checkRoutes('peliculas')
 3 SYSTEMPATH\CodeIgniter.php(823): CodeIgniter\Router\Router->handle('peliculas')
 4 SYSTEMPATH\CodeIgniter.php(450): CodeIgniter\CodeIgniter->tryToRouteIt(Object(CodeIgniter\Router\RouteCollection))
 5 SYSTEMPATH\CodeIgniter.php(361): CodeIgniter\CodeIgniter->handleRequest(null, Object(Config\Cache), false)
 6 FCPATH\index.php(79): CodeIgniter\CodeIgniter->run()
 7 SYSTEMPATH\Commands\Server\rewrite.php(47): require_once('C:\\Users\\ploco\\Desktop\\API_FICPlus\\public\\index.php')
CRITICAL - 2023-11-18 22:20:28 --> explode(): Argument #2 ($string) must be of type string, array given
in SYSTEMPATH\Router\Router.php on line 475.
 1 SYSTEMPATH\Router\Router.php(475): explode('::', [...])
 2 SYSTEMPATH\Router\Router.php(186): CodeIgniter\Router\Router->checkRoutes('peliculas')
 3 SYSTEMPATH\CodeIgniter.php(823): CodeIgniter\Router\Router->handle('peliculas')
 4 SYSTEMPATH\CodeIgniter.php(450): CodeIgniter\CodeIgniter->tryToRouteIt(Object(CodeIgniter\Router\RouteCollection))
 5 SYSTEMPATH\CodeIgniter.php(361): CodeIgniter\CodeIgniter->handleRequest(null, Object(Config\Cache), false)
 6 FCPATH\index.php(79): CodeIgniter\CodeIgniter->run()
 7 SYSTEMPATH\Commands\Server\rewrite.php(47): require_once('C:\\Users\\ploco\\Desktop\\API_FICPlus\\public\\index.php')
CRITICAL - 2023-11-18 22:25:34 --> Invalid file: "hola.php"
in SYSTEMPATH\Exceptions\FrameworkException.php on line 39.
 1 SYSTEMPATH\View\View.php(216): CodeIgniter\Exceptions\FrameworkException::forInvalidFile('hola.php')
 2 SYSTEMPATH\Common.php(1190): CodeIgniter\View\View->render('hola', [], true)
 3 APPPATH\Controllers\PeliculasController.php(16): view('hola')
 4 SYSTEMPATH\CodeIgniter.php(942): App\Controllers\PeliculasController->index()
 5 SYSTEMPATH\CodeIgniter.php(502): CodeIgniter\CodeIgniter->runController(Object(App\Controllers\PeliculasController))
 6 SYSTEMPATH\CodeIgniter.php(361): CodeIgniter\CodeIgniter->handleRequest(null, Object(Config\Cache), false)
 7 FCPATH\index.php(79): CodeIgniter\CodeIgniter->run()
 8 SYSTEMPATH\Commands\Server\rewrite.php(47): require_once('C:\\Users\\ploco\\Desktop\\API_FICPlus\\public\\index.php')
