CRITICAL - 2023-11-19 00:00:06 --> Class "app\Models\Peliculas" not found
in APPPATH\Controllers\PeliculasController.php on line 27.
 1 SYSTEMPATH\CodeIgniter.php(942): App\Controllers\PeliculasController->show('show', '1')
 2 SYSTEMPATH\CodeIgniter.php(502): CodeIgniter\CodeIgniter->runController(Object(App\Controllers\PeliculasController))
 3 SYSTEMPATH\CodeIgniter.php(361): CodeIgniter\CodeIgniter->handleRequest(null, Object(Config\Cache), false)
 4 FCPATH\index.php(79): CodeIgniter\CodeIgniter->run()
 5 SYSTEMPATH\Commands\Server\rewrite.php(47): require_once('C:\\Users\\ploco\\Desktop\\API_FICPlus\\public\\index.php')
CRITICAL - 2023-11-19 00:01:18 --> Undefined constant "App\Models\titulo"
in APPPATH\Controllers\PeliculasController.php on line 27.
 1 SYSTEMPATH\CodeIgniter.php(942): App\Controllers\PeliculasController->show('show', '1')
 2 SYSTEMPATH\CodeIgniter.php(502): CodeIgniter\CodeIgniter->runController(Object(App\Controllers\PeliculasController))
 3 SYSTEMPATH\CodeIgniter.php(361): CodeIgniter\CodeIgniter->handleRequest(null, Object(Config\Cache), false)
 4 FCPATH\index.php(79): CodeIgniter\CodeIgniter->run()
 5 SYSTEMPATH\Commands\Server\rewrite.php(47): require_once('C:\\Users\\ploco\\Desktop\\API_FICPlus\\public\\index.php')
CRITICAL - 2023-11-19 00:04:33 --> Undefined constant "App\Models\Titulo"
in APPPATH\Controllers\PeliculasController.php on line 27.
 1 SYSTEMPATH\CodeIgniter.php(942): App\Controllers\PeliculasController->show('show', '1')
 2 SYSTEMPATH\CodeIgniter.php(502): CodeIgniter\CodeIgniter->runController(Object(App\Controllers\PeliculasController))
 3 SYSTEMPATH\CodeIgniter.php(361): CodeIgniter\CodeIgniter->handleRequest(null, Object(Config\Cache), false)
 4 FCPATH\index.php(79): CodeIgniter\CodeIgniter->run()
 5 SYSTEMPATH\Commands\Server\rewrite.php(47): require_once('C:\\Users\\ploco\\Desktop\\API_FICPlus\\public\\index.php')
CRITICAL - 2023-11-19 00:08:43 --> Declaration of App\Controllers\PeliculasController::show($id) must be compatible with CodeIgniter\RESTful\ResourceController::show($id = null)
in APPPATH\Controllers\PeliculasController.php on line 25.
 1 [internal function]: CodeIgniter\Debug\Exceptions->shutdownHandler()
CRITICAL - 2023-11-19 00:15:35 --> Unsupported operand types: string + string
in APPPATH\Controllers\PeliculasController.php on line 32.
 1 SYSTEMPATH\CodeIgniter.php(942): App\Controllers\PeliculasController->show('show', '1')
 2 SYSTEMPATH\CodeIgniter.php(502): CodeIgniter\CodeIgniter->runController(Object(App\Controllers\PeliculasController))
 3 SYSTEMPATH\CodeIgniter.php(361): CodeIgniter\CodeIgniter->handleRequest(null, Object(Config\Cache), false)
 4 FCPATH\index.php(79): CodeIgniter\CodeIgniter->run()
 5 SYSTEMPATH\Commands\Server\rewrite.php(47): require_once('C:\\Users\\ploco\\Desktop\\API_FICPlus\\public\\index.php')
CRITICAL - 2023-11-19 00:33:08 --> syntax error, unexpected token ";", expecting "]"
in APPPATH\Controllers\PeliculasController.php on line 55.
 1 SYSTEMPATH\Autoloader\Autoloader.php(291): CodeIgniter\Autoloader\Autoloader->includeFile('C:\\Users\\ploco\\Desktop\\API_FICPlus\\app\\Controllers\\PeliculasController.php')
 2 SYSTEMPATH\Autoloader\Autoloader.php(269): CodeIgniter\Autoloader\Autoloader->loadInNamespace('App\\Controllers\\PeliculasController')
 3 [internal function]: CodeIgniter\Autoloader\Autoloader->loadClass('App\\Controllers\\PeliculasController')
 4 SYSTEMPATH\CodeIgniter.php(900): class_exists('\\App\\Controllers\\PeliculasController', true)
 5 SYSTEMPATH\CodeIgniter.php(489): CodeIgniter\CodeIgniter->startController()
 6 SYSTEMPATH\CodeIgniter.php(361): CodeIgniter\CodeIgniter->handleRequest(null, Object(Config\Cache), false)
 7 FCPATH\index.php(79): CodeIgniter\CodeIgniter->run()
 8 SYSTEMPATH\Commands\Server\rewrite.php(47): require_once('C:\\Users\\ploco\\Desktop\\API_FICPlus\\public\\index.php')
CRITICAL - 2023-11-19 00:34:35 --> Unclosed '[' on line 54 does not match '}'
in APPPATH\Controllers\PeliculasController.php on line 62.
 1 SYSTEMPATH\Autoloader\Autoloader.php(291): CodeIgniter\Autoloader\Autoloader->includeFile('C:\\Users\\ploco\\Desktop\\API_FICPlus\\app\\Controllers\\PeliculasController.php')
 2 SYSTEMPATH\Autoloader\Autoloader.php(269): CodeIgniter\Autoloader\Autoloader->loadInNamespace('App\\Controllers\\PeliculasController')
 3 [internal function]: CodeIgniter\Autoloader\Autoloader->loadClass('App\\Controllers\\PeliculasController')
 4 SYSTEMPATH\CodeIgniter.php(900): class_exists('\\App\\Controllers\\PeliculasController', true)
 5 SYSTEMPATH\CodeIgniter.php(489): CodeIgniter\CodeIgniter->startController()
 6 SYSTEMPATH\CodeIgniter.php(361): CodeIgniter\CodeIgniter->handleRequest(null, Object(Config\Cache), false)
 7 FCPATH\index.php(79): CodeIgniter\CodeIgniter->run()
 8 SYSTEMPATH\Commands\Server\rewrite.php(47): require_once('C:\\Users\\ploco\\Desktop\\API_FICPlus\\public\\index.php')
CRITICAL - 2023-11-19 00:35:00 --> Unclosed '{' on line 52 does not match ']'
in APPPATH\Controllers\PeliculasController.php on line 73.
 1 SYSTEMPATH\Autoloader\Autoloader.php(291): CodeIgniter\Autoloader\Autoloader->includeFile('C:\\Users\\ploco\\Desktop\\API_FICPlus\\app\\Controllers\\PeliculasController.php')
 2 SYSTEMPATH\Autoloader\Autoloader.php(269): CodeIgniter\Autoloader\Autoloader->loadInNamespace('App\\Controllers\\PeliculasController')
 3 [internal function]: CodeIgniter\Autoloader\Autoloader->loadClass('App\\Controllers\\PeliculasController')
 4 SYSTEMPATH\CodeIgniter.php(900): class_exists('\\App\\Controllers\\PeliculasController', true)
 5 SYSTEMPATH\CodeIgniter.php(489): CodeIgniter\CodeIgniter->startController()
 6 SYSTEMPATH\CodeIgniter.php(361): CodeIgniter\CodeIgniter->handleRequest(null, Object(Config\Cache), false)
 7 FCPATH\index.php(79): CodeIgniter\CodeIgniter->run()
 8 SYSTEMPATH\Commands\Server\rewrite.php(47): require_once('C:\\Users\\ploco\\Desktop\\API_FICPlus\\public\\index.php')
CRITICAL - 2023-11-19 00:35:12 --> syntax error, unexpected token "public", expecting end of file
in APPPATH\Controllers\PeliculasController.php on line 81.
 1 SYSTEMPATH\Autoloader\Autoloader.php(291): CodeIgniter\Autoloader\Autoloader->includeFile('C:\\Users\\ploco\\Desktop\\API_FICPlus\\app\\Controllers\\PeliculasController.php')
 2 SYSTEMPATH\Autoloader\Autoloader.php(269): CodeIgniter\Autoloader\Autoloader->loadInNamespace('App\\Controllers\\PeliculasController')
 3 [internal function]: CodeIgniter\Autoloader\Autoloader->loadClass('App\\Controllers\\PeliculasController')
 4 SYSTEMPATH\CodeIgniter.php(900): class_exists('\\App\\Controllers\\PeliculasController', true)
 5 SYSTEMPATH\CodeIgniter.php(489): CodeIgniter\CodeIgniter->startController()
 6 SYSTEMPATH\CodeIgniter.php(361): CodeIgniter\CodeIgniter->handleRequest(null, Object(Config\Cache), false)
 7 FCPATH\index.php(79): CodeIgniter\CodeIgniter->run()
 8 SYSTEMPATH\Commands\Server\rewrite.php(47): require_once('C:\\Users\\ploco\\Desktop\\API_FICPlus\\public\\index.php')
