CRITICAL - 2023-12-13 04:57:17 --> Undefined variable $pelicula
in APPPATH\Views\Menu_Categorias.php on line 171.
 1 APPPATH\Views\Menu_Categorias.php(171): CodeIgniter\Debug\Exceptions->errorHandler(2, 'Undefined variable $pelicula', 'C:\\Users\\ploco\\Desktop\\FicPlusGit\\ComputoMovil\\API_FICPlus\\app\\Views\\Menu_Categorias.php', 171)
 2 SYSTEMPATH\View\View.php(228): include('C:\\Users\\ploco\\Desktop\\FicPlusGit\\ComputoMovil\\API_FICPlus\\app\\Views\\Menu_Categorias.php')
 3 SYSTEMPATH\View\View.php(231): CodeIgniter\View\View->CodeIgniter\View\{closure}()
 4 SYSTEMPATH\Common.php(1190): CodeIgniter\View\View->render('Menu_Categorias.php', [], true)
 5 APPPATH\Controllers\Home.php(31): view('Menu_Categorias.php')
 6 SYSTEMPATH\CodeIgniter.php(942): App\Controllers\Home->Menu_Categorias()
 7 SYSTEMPATH\CodeIgniter.php(502): CodeIgniter\CodeIgniter->runController(Object(App\Controllers\Home))
 8 SYSTEMPATH\CodeIgniter.php(361): CodeIgniter\CodeIgniter->handleRequest(null, Object(Config\Cache), false)
 9 FCPATH\index.php(79): CodeIgniter\CodeIgniter->run()
10 SYSTEMPATH\Commands\Server\rewrite.php(47): require_once('C:\\Users\\ploco\\Desktop\\FicPlusGit\\ComputoMovil\\API_FICPlus\\public\\index.php')
CRITICAL - 2023-12-13 04:59:58 --> Attempt to read property "ID_Categorias" on null
in APPPATH\Controllers\PeliculasController.php on line 40.
 1 APPPATH\Controllers\PeliculasController.php(40): CodeIgniter\Debug\Exceptions->errorHandler(2, 'Attempt to read property "ID_Categorias" on null', 'C:\\Users\\ploco\\Desktop\\FicPlusGit\\ComputoMovil\\API_FICPlus\\app\\Controllers\\PeliculasController.php', 40)
 2 SYSTEMPATH\CodeIgniter.php(942): App\Controllers\PeliculasController->showall_categoria('Sustpenso')
 3 SYSTEMPATH\CodeIgniter.php(502): CodeIgniter\CodeIgniter->runController(Object(App\Controllers\PeliculasController))
 4 SYSTEMPATH\CodeIgniter.php(361): CodeIgniter\CodeIgniter->handleRequest(null, Object(Config\Cache), false)
 5 FCPATH\index.php(79): CodeIgniter\CodeIgniter->run()
 6 SYSTEMPATH\Commands\Server\rewrite.php(47): require_once('C:\\Users\\ploco\\Desktop\\FicPlusGit\\ComputoMovil\\API_FICPlus\\public\\index.php')
CRITICAL - 2023-12-13 05:00:14 --> Attempt to read property "ID_Categorias" on null
in APPPATH\Controllers\PeliculasController.php on line 40.
 1 APPPATH\Controllers\PeliculasController.php(40): CodeIgniter\Debug\Exceptions->errorHandler(2, 'Attempt to read property "ID_Categorias" on null', 'C:\\Users\\ploco\\Desktop\\FicPlusGit\\ComputoMovil\\API_FICPlus\\app\\Controllers\\PeliculasController.php', 40)
 2 SYSTEMPATH\CodeIgniter.php(942): App\Controllers\PeliculasController->showall_categoria('Sustpenso')
 3 SYSTEMPATH\CodeIgniter.php(502): CodeIgniter\CodeIgniter->runController(Object(App\Controllers\PeliculasController))
 4 SYSTEMPATH\CodeIgniter.php(361): CodeIgniter\CodeIgniter->handleRequest(null, Object(Config\Cache), false)
 5 FCPATH\index.php(79): CodeIgniter\CodeIgniter->run()
 6 SYSTEMPATH\Commands\Server\rewrite.php(47): require_once('C:\\Users\\ploco\\Desktop\\FicPlusGit\\ComputoMovil\\API_FICPlus\\public\\index.php')
CRITICAL - 2023-12-13 07:28:57 --> Undefined constant "pxfuel"
in APPPATH\Views\inicio.php on line 14.
 1 SYSTEMPATH\View\View.php(228): include()
 2 SYSTEMPATH\View\View.php(231): CodeIgniter\View\View->CodeIgniter\View\{closure}()
 3 SYSTEMPATH\Common.php(1190): CodeIgniter\View\View->render('inicio.php', [], true)
 4 APPPATH\Controllers\Home.php(9): view('inicio.php')
 5 SYSTEMPATH\CodeIgniter.php(942): App\Controllers\Home->index()
 6 SYSTEMPATH\CodeIgniter.php(502): CodeIgniter\CodeIgniter->runController(Object(App\Controllers\Home))
 7 SYSTEMPATH\CodeIgniter.php(361): CodeIgniter\CodeIgniter->handleRequest(null, Object(Config\Cache), false)
 8 FCPATH\index.php(79): CodeIgniter\CodeIgniter->run()
 9 SYSTEMPATH\Commands\Server\rewrite.php(47): require_once('C:\\Users\\ploco\\Desktop\\FicPlusGit\\ComputoMovil\\API_FICPlus\\public\\index.php')
WARNING - 2023-12-13 16:43:53 --> [DEPRECATED] md5(): Passing null to parameter #1 ($string) of type string is deprecated in APPPATH\Controllers\UsuariosController.php on line 100.
 1 APPPATH\Controllers\UsuariosController.php(100): md5(null)
 2 SYSTEMPATH\CodeIgniter.php(942): App\Controllers\UsuariosController->create()
 3 SYSTEMPATH\CodeIgniter.php(502): CodeIgniter\CodeIgniter->runController(Object(App\Controllers\UsuariosController))
 4 SYSTEMPATH\CodeIgniter.php(361): CodeIgniter\CodeIgniter->handleRequest(null, Object(Config\Cache), false)
 5 FCPATH\index.php(79): CodeIgniter\CodeIgniter->run()
 6 SYSTEMPATH\Commands\Server\rewrite.php(47): require_once('C:\\Users\\ploco\\Desktop\\FicPlusGit\\ComputoMovil\\API_FICPlus\\public\\index.php')
