CRITICAL - 2023-12-11 23:22:50 --> syntax error, unexpected token "return"
in APPPATH\Controllers\UsuariosController.php on line 38.
 1 SYSTEMPATH\Autoloader\Autoloader.php(291): CodeIgniter\Autoloader\Autoloader->includeFile('C:\\Users\\ploco\\Desktop\\FicPlusGit\\ComputoMovil\\API_FICPlus\\app\\Controllers\\UsuariosController.php')
 2 SYSTEMPATH\Autoloader\Autoloader.php(269): CodeIgniter\Autoloader\Autoloader->loadInNamespace('App\\Controllers\\UsuariosController')
 3 [internal function]: CodeIgniter\Autoloader\Autoloader->loadClass('App\\Controllers\\UsuariosController')
 4 SYSTEMPATH\CodeIgniter.php(900): class_exists('\\App\\Controllers\\UsuariosController', true)
 5 SYSTEMPATH\CodeIgniter.php(489): CodeIgniter\CodeIgniter->startController()
 6 SYSTEMPATH\CodeIgniter.php(361): CodeIgniter\CodeIgniter->handleRequest(null, Object(Config\Cache), false)
 7 FCPATH\index.php(79): CodeIgniter\CodeIgniter->run()
 8 SYSTEMPATH\Commands\Server\rewrite.php(47): require_once('C:\\Users\\ploco\\Desktop\\FicPlusGit\\ComputoMovil\\API_FICPlus\\public\\index.php')
CRITICAL - 2023-12-11 23:23:14 --> syntax error, unexpected token "return"
in APPPATH\Controllers\UsuariosController.php on line 38.
 1 SYSTEMPATH\Autoloader\Autoloader.php(291): CodeIgniter\Autoloader\Autoloader->includeFile('C:\\Users\\ploco\\Desktop\\FicPlusGit\\ComputoMovil\\API_FICPlus\\app\\Controllers\\UsuariosController.php')
 2 SYSTEMPATH\Autoloader\Autoloader.php(269): CodeIgniter\Autoloader\Autoloader->loadInNamespace('App\\Controllers\\UsuariosController')
 3 [internal function]: CodeIgniter\Autoloader\Autoloader->loadClass('App\\Controllers\\UsuariosController')
 4 SYSTEMPATH\CodeIgniter.php(900): class_exists('\\App\\Controllers\\UsuariosController', true)
 5 SYSTEMPATH\CodeIgniter.php(489): CodeIgniter\CodeIgniter->startController()
 6 SYSTEMPATH\CodeIgniter.php(361): CodeIgniter\CodeIgniter->handleRequest(null, Object(Config\Cache), false)
 7 FCPATH\index.php(79): CodeIgniter\CodeIgniter->run()
 8 SYSTEMPATH\Commands\Server\rewrite.php(47): require_once('C:\\Users\\ploco\\Desktop\\FicPlusGit\\ComputoMovil\\API_FICPlus\\public\\index.php')
